<?xml version="1.0" encoding="UTF-8"?>
<!-- Generated by org.testng.reporters.JUnitXMLReporter -->
<testsuite hostname="GS-2983" name="Demo Application test"
	tests="20" failures="0" timestamp="28 Dec 2017 04:58:46 GMT"
	time="445.771" errors="0">
	<testcase name="createNewPlan" time="38.322"
		classname="testcases.FPDemoTest" />
	<testcase name="editPlanTest" time="31.83"
		classname="testcases.FPDemoTest" />
	<testcase name="deleteButtonTest" time="4.035"
		classname="testcases.FPDemoTest" />
	<testcase name="helpFileTest" time="2.932"
		classname="testcases.FPDemoTest" />
	<testcase name="createPlanButtonTest" time="0.852"
		classname="testcases.FPDemoTest" />
	<testcase name="retirementHealthcareVideo" time="7.008"
		classname="testcases.FPDemoTest" />
	<testcase name="estimatingCostsPdf" time="6.867"
		classname="testcases.FPDemoTest" />
	<testcase name="medicareBundlesTest" time="6.808"
		classname="testcases.FPDemoTest" />
	<testcase name="fundWithInvestmentsTest" time="8.905"
		classname="testcases.FPDemoTest" />
	<testcase name="investmentExpenseOutlayTest" time="12.035"
		classname="testcases.FPDemoTest" />
	<testcase name="fundWithAnnuityTest" time="13.425"
		classname="testcases.FPDemoTest" />
	<testcase name="presentValueTest" time="11.331"
		classname="testcases.FPDemoTest" />
	<testcase name="emailPdfTest" time="8.939"
		classname="testcases.FPDemoTest" />
	<testcase name="viewPdfTest" time="14.992"
		classname="testcases.FPDemoTest" />
	<testcase name="personalInformationTest" time="17.583"
		classname="testcases.FPDemoTest" />
	<testcase name="comparePlanTest" time="5.152"
		classname="testcases.FPDemoTest" />
	<testcase name="viewYearlyProjections" time="6.485"
		classname="testcases.FPDemoTest" />
	<testcase name="viewFiveYearProjections" time="10.112"
		classname="testcases.FPDemoTest" />
	<testcase name="addNewContentMail" time="3.394"
		classname="testcases.FPDemoTest" />
	<testcase name="ltcProjectionsTest" time="15.34"
		classname="testcases.FPDemoTest" />
</testsuite> <!-- Demo Application test -->
